{"/Users/user/Documents/Personal_Projects/enterscale_survey/app.js": {"path":"/Users/user/Documents/Personal_Projects/enterscale_survey/app.js","statementMap":{"0":{"start":{"line":3,"column":16},"end":{"line":3,"column":34}},"1":{"start":{"line":4,"column":18},"end":{"line":4,"column":47}},"2":{"start":{"line":5,"column":15},"end":{"line":5,"column":32}},"3":{"start":{"line":6,"column":16},"end":{"line":6,"column":49}},"4":{"start":{"line":7,"column":14},"end":{"line":7,"column":44}},"5":{"start":{"line":8,"column":24},"end":{"line":8,"column":49}},"6":{"start":{"line":9,"column":13},"end":{"line":9,"column":28}},"7":{"start":{"line":10,"column":17},"end":{"line":10,"column":44}},"8":{"start":{"line":11,"column":15},"end":{"line":11,"column":47}},"9":{"start":{"line":12,"column":17},"end":{"line":12,"column":45}},"10":{"start":{"line":15,"column":12},"end":{"line":15,"column":21}},"11":{"start":{"line":16,"column":0},"end":{"line":16,"column":72}},"12":{"start":{"line":17,"column":0},"end":{"line":17,"column":56}},"13":{"start":{"line":18,"column":0},"end":{"line":18,"column":24}},"14":{"start":{"line":19,"column":0},"end":{"line":19,"column":16}},"15":{"start":{"line":22,"column":25},"end":{"line":22,"column":55}},"16":{"start":{"line":23,"column":0},"end":{"line":23,"column":41}},"17":{"start":{"line":26,"column":0},"end":{"line":28,"column":3}},"18":{"start":{"line":27,"column":2},"end":{"line":27,"column":71}},"19":{"start":{"line":31,"column":0},"end":{"line":31,"column":24}},"20":{"start":{"line":34,"column":0},"end":{"line":34,"column":15}},"21":{"start":{"line":36,"column":0},"end":{"line":36,"column":21}}},"fnMap":{"0":{"name":"(anonymous_0)","decl":{"start":{"line":26,"column":25},"end":{"line":26,"column":26}},"loc":{"start":{"line":26,"column":39},"end":{"line":28,"column":1}},"line":26}},"branchMap":{},"s":{"0":1,"1":1,"2":1,"3":1,"4":1,"5":1,"6":1,"7":1,"8":1,"9":1,"10":1,"11":1,"12":1,"13":1,"14":1,"15":1,"16":1,"17":1,"18":0,"19":1,"20":1,"21":1},"f":{"0":0},"b":{},"_coverageSchema":"1a1c01bbd47fc00a2c39e90264f33305004495a9","hash":"288c480496e43ce7c36c7052512ef1f774678238"}
,"/Users/user/Documents/Personal_Projects/enterscale_survey/server.js": {"path":"/Users/user/Documents/Personal_Projects/enterscale_survey/server.js","statementMap":{"0":{"start":{"line":1,"column":0},"end":{"line":1,"column":27}},"1":{"start":{"line":2,"column":12},"end":{"line":2,"column":28}},"2":{"start":{"line":5,"column":0},"end":{"line":8,"column":3}},"3":{"start":{"line":6,"column":2},"end":{"line":6,"column":37}},"4":{"start":{"line":7,"column":2},"end":{"line":7,"column":57}},"5":{"start":{"line":11,"column":13},"end":{"line":11,"column":37}},"6":{"start":{"line":12,"column":20},"end":{"line":12,"column":57}},"7":{"start":{"line":13,"column":13},"end":{"line":13,"column":108}},"8":{"start":{"line":13,"column":36},"end":{"line":13,"column":107}},"9":{"start":{"line":16,"column":0},"end":{"line":22,"column":3}},"10":{"start":{"line":17,"column":2},"end":{"line":17,"column":37}},"11":{"start":{"line":18,"column":2},"end":{"line":18,"column":59}},"12":{"start":{"line":19,"column":2},"end":{"line":21,"column":5}},"13":{"start":{"line":20,"column":4},"end":{"line":20,"column":20}},"14":{"start":{"line":24,"column":0},"end":{"line":24,"column":24}}},"fnMap":{"0":{"name":"(anonymous_0)","decl":{"start":{"line":5,"column":32},"end":{"line":5,"column":33}},"loc":{"start":{"line":5,"column":41},"end":{"line":8,"column":1}},"line":5},"1":{"name":"(anonymous_1)","decl":{"start":{"line":13,"column":30},"end":{"line":13,"column":31}},"loc":{"start":{"line":13,"column":36},"end":{"line":13,"column":107}},"line":13},"2":{"name":"(anonymous_2)","decl":{"start":{"line":16,"column":33},"end":{"line":16,"column":34}},"loc":{"start":{"line":16,"column":42},"end":{"line":22,"column":1}},"line":16},"3":{"name":"(anonymous_3)","decl":{"start":{"line":19,"column":15},"end":{"line":19,"column":16}},"loc":{"start":{"line":19,"column":21},"end":{"line":21,"column":3}},"line":19}},"branchMap":{"0":{"loc":{"start":{"line":11,"column":13},"end":{"line":11,"column":37}},"type":"binary-expr","locations":[{"start":{"line":11,"column":13},"end":{"line":11,"column":29}},{"start":{"line":11,"column":33},"end":{"line":11,"column":37}}],"line":11},"1":{"loc":{"start":{"line":12,"column":20},"end":{"line":12,"column":57}},"type":"binary-expr","locations":[{"start":{"line":12,"column":20},"end":{"line":12,"column":40}},{"start":{"line":12,"column":44},"end":{"line":12,"column":57}}],"line":12}},"s":{"0":1,"1":1,"2":1,"3":0,"4":0,"5":1,"6":1,"7":1,"8":1,"9":1,"10":0,"11":0,"12":0,"13":0,"14":1},"f":{"0":0,"1":1,"2":0,"3":0},"b":{"0":[1,0],"1":[1,0]},"_coverageSchema":"1a1c01bbd47fc00a2c39e90264f33305004495a9","hash":"3aebb4ee121f1f0989b9d18eb6f8fc6bcebef5aa"}
,"/Users/user/Documents/Personal_Projects/enterscale_survey/status-codes.js": {"path":"/Users/user/Documents/Personal_Projects/enterscale_survey/status-codes.js","statementMap":{"0":{"start":{"line":1,"column":15},"end":{"line":10,"column":1}},"1":{"start":{"line":12,"column":0},"end":{"line":12,"column":24}}},"fnMap":{},"branchMap":{},"s":{"0":1,"1":1},"f":{},"b":{},"_coverageSchema":"1a1c01bbd47fc00a2c39e90264f33305004495a9","hash":"458cc8860ca6625b77d09fe3c978c8f8334fca53"}
,"/Users/user/Documents/Personal_Projects/enterscale_survey/api/v1/controllers/auth.js": {"path":"/Users/user/Documents/Personal_Projects/enterscale_survey/api/v1/controllers/auth.js","statementMap":{"0":{"start":{"line":1,"column":0},"end":{"line":1,"column":32}},"1":{"start":{"line":2,"column":27},"end":{"line":2,"column":67}},"2":{"start":{"line":3,"column":24},"end":{"line":3,"column":62}},"3":{"start":{"line":4,"column":17},"end":{"line":4,"column":51}},"4":{"start":{"line":5,"column":15},"end":{"line":5,"column":32}},"5":{"start":{"line":6,"column":15},"end":{"line":6,"column":32}},"6":{"start":{"line":7,"column":18},"end":{"line":7,"column":54}},"7":{"start":{"line":8,"column":15},"end":{"line":8,"column":47}},"8":{"start":{"line":9,"column":10},"end":{"line":9,"column":27}},"9":{"start":{"line":10,"column":17},"end":{"line":10,"column":36}},"10":{"start":{"line":11,"column":15},"end":{"line":11,"column":47}},"11":{"start":{"line":20,"column":25},"end":{"line":42,"column":1}},"12":{"start":{"line":21,"column":20},"end":{"line":21,"column":28}},"13":{"start":{"line":22,"column":2},"end":{"line":22,"column":117}},"14":{"start":{"line":22,"column":14},"end":{"line":22,"column":117}},"15":{"start":{"line":24,"column":2},"end":{"line":41,"column":3}},"16":{"start":{"line":26,"column":25},"end":{"line":26,"column":72}},"17":{"start":{"line":27,"column":4},"end":{"line":27,"column":137}},"18":{"start":{"line":27,"column":22},"end":{"line":27,"column":137}},"19":{"start":{"line":30,"column":21},"end":{"line":30,"column":90}},"20":{"start":{"line":31,"column":22},"end":{"line":31,"column":68}},"21":{"start":{"line":34,"column":20},"end":{"line":34,"column":98}},"22":{"start":{"line":35,"column":4},"end":{"line":35,"column":70}},"23":{"start":{"line":37,"column":4},"end":{"line":37,"column":117}},"24":{"start":{"line":40,"column":4},"end":{"line":40,"column":44}},"25":{"start":{"line":51,"column":15},"end":{"line":89,"column":1}},"26":{"start":{"line":52,"column":19},"end":{"line":52,"column":22}},"27":{"start":{"line":55,"column":18},"end":{"line":55,"column":47}},"28":{"start":{"line":56,"column":2},"end":{"line":56,"column":29}},"29":{"start":{"line":58,"column":2},"end":{"line":88,"column":3}},"30":{"start":{"line":60,"column":23},"end":{"line":60,"column":82}},"31":{"start":{"line":61,"column":4},"end":{"line":61,"column":116}},"32":{"start":{"line":61,"column":20},"end":{"line":61,"column":116}},"33":{"start":{"line":63,"column":31},"end":{"line":63,"column":112}},"34":{"start":{"line":64,"column":4},"end":{"line":64,"column":154}},"35":{"start":{"line":64,"column":29},"end":{"line":64,"column":154}},"36":{"start":{"line":67,"column":21},"end":{"line":67,"column":75}},"37":{"start":{"line":68,"column":27},"end":{"line":68,"column":52}},"38":{"start":{"line":69,"column":4},"end":{"line":72,"column":5}},"39":{"start":{"line":70,"column":6},"end":{"line":70,"column":87}},"40":{"start":{"line":71,"column":6},"end":{"line":71,"column":145}},"41":{"start":{"line":74,"column":24},"end":{"line":74,"column":146}},"42":{"start":{"line":75,"column":26},"end":{"line":75,"column":90}},"43":{"start":{"line":76,"column":23},"end":{"line":76,"column":98}},"44":{"start":{"line":77,"column":4},"end":{"line":77,"column":98}},"45":{"start":{"line":79,"column":4},"end":{"line":79,"column":38}},"46":{"start":{"line":81,"column":4},"end":{"line":81,"column":130}},"47":{"start":{"line":84,"column":4},"end":{"line":84,"column":44}},"48":{"start":{"line":87,"column":4},"end":{"line":87,"column":25}},"49":{"start":{"line":98,"column":14},"end":{"line":120,"column":1}},"50":{"start":{"line":99,"column":19},"end":{"line":99,"column":22}},"51":{"start":{"line":101,"column":2},"end":{"line":119,"column":3}},"52":{"start":{"line":102,"column":23},"end":{"line":102,"column":82}},"53":{"start":{"line":103,"column":4},"end":{"line":103,"column":155}},"54":{"start":{"line":103,"column":21},"end":{"line":103,"column":155}},"55":{"start":{"line":106,"column":26},"end":{"line":106,"column":73}},"56":{"start":{"line":107,"column":4},"end":{"line":107,"column":136}},"57":{"start":{"line":107,"column":24},"end":{"line":107,"column":136}},"58":{"start":{"line":110,"column":18},"end":{"line":110,"column":51}},"59":{"start":{"line":113,"column":26},"end":{"line":113,"column":53}},"60":{"start":{"line":115,"column":4},"end":{"line":115,"column":146}},"61":{"start":{"line":118,"column":4},"end":{"line":118,"column":44}},"62":{"start":{"line":122,"column":0},"end":{"line":122,"column":53}}},"fnMap":{"0":{"name":"(anonymous_0)","decl":{"start":{"line":20,"column":25},"end":{"line":20,"column":26}},"loc":{"start":{"line":20,"column":45},"end":{"line":42,"column":1}},"line":20},"1":{"name":"(anonymous_1)","decl":{"start":{"line":51,"column":15},"end":{"line":51,"column":16}},"loc":{"start":{"line":51,"column":35},"end":{"line":89,"column":1}},"line":51},"2":{"name":"(anonymous_2)","decl":{"start":{"line":98,"column":14},"end":{"line":98,"column":15}},"loc":{"start":{"line":98,"column":34},"end":{"line":120,"column":1}},"line":98}},"branchMap":{"0":{"loc":{"start":{"line":22,"column":2},"end":{"line":22,"column":117}},"type":"if","locations":[{"start":{"line":22,"column":2},"end":{"line":22,"column":117}},{"start":{},"end":{}}],"line":22},"1":{"loc":{"start":{"line":27,"column":4},"end":{"line":27,"column":137}},"type":"if","locations":[{"start":{"line":27,"column":4},"end":{"line":27,"column":137}},{"start":{},"end":{}}],"line":27},"2":{"loc":{"start":{"line":61,"column":4},"end":{"line":61,"column":116}},"type":"if","locations":[{"start":{"line":61,"column":4},"end":{"line":61,"column":116}},{"start":{},"end":{}}],"line":61},"3":{"loc":{"start":{"line":64,"column":4},"end":{"line":64,"column":154}},"type":"if","locations":[{"start":{"line":64,"column":4},"end":{"line":64,"column":154}},{"start":{},"end":{}}],"line":64},"4":{"loc":{"start":{"line":69,"column":4},"end":{"line":72,"column":5}},"type":"if","locations":[{"start":{"line":69,"column":4},"end":{"line":72,"column":5}},{"start":{},"end":{}}],"line":69},"5":{"loc":{"start":{"line":103,"column":4},"end":{"line":103,"column":155}},"type":"if","locations":[{"start":{"line":103,"column":4},"end":{"line":103,"column":155}},{"start":{},"end":{}}],"line":103},"6":{"loc":{"start":{"line":107,"column":4},"end":{"line":107,"column":136}},"type":"if","locations":[{"start":{"line":107,"column":4},"end":{"line":107,"column":136}},{"start":{},"end":{}}],"line":107}},"s":{"0":1,"1":1,"2":1,"3":1,"4":1,"5":1,"6":1,"7":1,"8":1,"9":1,"10":1,"11":1,"12":3,"13":3,"14":1,"15":2,"16":2,"17":2,"18":1,"19":1,"20":1,"21":1,"22":1,"23":1,"24":0,"25":1,"26":4,"27":4,"28":4,"29":4,"30":4,"31":4,"32":1,"33":3,"34":3,"35":1,"36":2,"37":2,"38":2,"39":1,"40":1,"41":1,"42":1,"43":1,"44":1,"45":1,"46":1,"47":0,"48":4,"49":1,"50":3,"51":3,"52":3,"53":3,"54":1,"55":2,"56":2,"57":1,"58":1,"59":1,"60":1,"61":0,"62":1},"f":{"0":3,"1":4,"2":3},"b":{"0":[1,2],"1":[1,1],"2":[1,3],"3":[1,2],"4":[1,1],"5":[1,2],"6":[1,1]},"_coverageSchema":"1a1c01bbd47fc00a2c39e90264f33305004495a9","hash":"b161278c4f78217cf4227aae1020724cecb0d3a6"}
,"/Users/user/Documents/Personal_Projects/enterscale_survey/api/v1/controllers/question.js": {"path":"/Users/user/Documents/Personal_Projects/enterscale_survey/api/v1/controllers/question.js","statementMap":{"0":{"start":{"line":1,"column":0},"end":{"line":1,"column":32}},"1":{"start":{"line":2,"column":17},"end":{"line":2,"column":51}},"2":{"start":{"line":3,"column":15},"end":{"line":3,"column":47}},"3":{"start":{"line":4,"column":27},"end":{"line":4,"column":68}},"4":{"start":{"line":5,"column":24},"end":{"line":5,"column":69}},"5":{"start":{"line":15,"column":29},"end":{"line":35,"column":1}},"6":{"start":{"line":16,"column":28},"end":{"line":16,"column":31}},"7":{"start":{"line":17,"column":2},"end":{"line":17,"column":140}},"8":{"start":{"line":17,"column":16},"end":{"line":17,"column":140}},"9":{"start":{"line":19,"column":2},"end":{"line":34,"column":3}},"10":{"start":{"line":20,"column":24},"end":{"line":20,"column":113}},"11":{"start":{"line":21,"column":4},"end":{"line":25,"column":5}},"12":{"start":{"line":22,"column":6},"end":{"line":22,"column":74}},"13":{"start":{"line":24,"column":6},"end":{"line":24,"column":118}},"14":{"start":{"line":28,"column":4},"end":{"line":28,"column":70}},"15":{"start":{"line":30,"column":4},"end":{"line":30,"column":136}},"16":{"start":{"line":32,"column":4},"end":{"line":32,"column":23}},"17":{"start":{"line":33,"column":4},"end":{"line":33,"column":44}},"18":{"start":{"line":37,"column":0},"end":{"line":39,"column":2}}},"fnMap":{"0":{"name":"(anonymous_0)","decl":{"start":{"line":15,"column":29},"end":{"line":15,"column":30}},"loc":{"start":{"line":15,"column":49},"end":{"line":35,"column":1}},"line":15}},"branchMap":{"0":{"loc":{"start":{"line":17,"column":2},"end":{"line":17,"column":140}},"type":"if","locations":[{"start":{"line":17,"column":2},"end":{"line":17,"column":140}},{"start":{},"end":{}}],"line":17},"1":{"loc":{"start":{"line":21,"column":4},"end":{"line":25,"column":5}},"type":"if","locations":[{"start":{"line":21,"column":4},"end":{"line":25,"column":5}},{"start":{"line":23,"column":11},"end":{"line":25,"column":5}}],"line":21},"2":{"loc":{"start":{"line":21,"column":8},"end":{"line":21,"column":38}},"type":"binary-expr","locations":[{"start":{"line":21,"column":8},"end":{"line":21,"column":19}},{"start":{"line":21,"column":23},"end":{"line":21,"column":38}}],"line":21}},"s":{"0":1,"1":1,"2":1,"3":1,"4":1,"5":1,"6":0,"7":0,"8":0,"9":0,"10":0,"11":0,"12":0,"13":0,"14":0,"15":0,"16":0,"17":0,"18":1},"f":{"0":0},"b":{"0":[0,0],"1":[0,0],"2":[0,0]},"_coverageSchema":"1a1c01bbd47fc00a2c39e90264f33305004495a9","hash":"420a391c20113a941e6952e5a833b2e3e4854dd8"}
,"/Users/user/Documents/Personal_Projects/enterscale_survey/api/v1/controllers/survey.js": {"path":"/Users/user/Documents/Personal_Projects/enterscale_survey/api/v1/controllers/survey.js","statementMap":{"0":{"start":{"line":1,"column":0},"end":{"line":1,"column":32}},"1":{"start":{"line":2,"column":17},"end":{"line":2,"column":51}},"2":{"start":{"line":3,"column":15},"end":{"line":3,"column":47}},"3":{"start":{"line":4,"column":25},"end":{"line":4,"column":64}},"4":{"start":{"line":5,"column":25},"end":{"line":5,"column":64}},"5":{"start":{"line":6,"column":27},"end":{"line":6,"column":68}},"6":{"start":{"line":7,"column":27},"end":{"line":7,"column":67}},"7":{"start":{"line":8,"column":24},"end":{"line":8,"column":69}},"8":{"start":{"line":18,"column":28},"end":{"line":37,"column":1}},"9":{"start":{"line":19,"column":22},"end":{"line":19,"column":25}},"10":{"start":{"line":20,"column":20},"end":{"line":20,"column":28}},"11":{"start":{"line":22,"column":2},"end":{"line":22,"column":140}},"12":{"start":{"line":22,"column":16},"end":{"line":22,"column":140}},"13":{"start":{"line":23,"column":2},"end":{"line":23,"column":132}},"14":{"start":{"line":23,"column":14},"end":{"line":23,"column":132}},"15":{"start":{"line":25,"column":2},"end":{"line":36,"column":3}},"16":{"start":{"line":26,"column":26},"end":{"line":26,"column":94}},"17":{"start":{"line":27,"column":22},"end":{"line":27,"column":85}},"18":{"start":{"line":30,"column":4},"end":{"line":30,"column":72}},"19":{"start":{"line":32,"column":4},"end":{"line":32,"column":125}},"20":{"start":{"line":35,"column":4},"end":{"line":35,"column":44}},"21":{"start":{"line":47,"column":25},"end":{"line":70,"column":1}},"22":{"start":{"line":48,"column":19},"end":{"line":48,"column":29}},"23":{"start":{"line":49,"column":2},"end":{"line":49,"column":105}},"24":{"start":{"line":49,"column":13},"end":{"line":49,"column":105}},"25":{"start":{"line":51,"column":2},"end":{"line":69,"column":3}},"26":{"start":{"line":52,"column":22},"end":{"line":52,"column":69}},"27":{"start":{"line":53,"column":4},"end":{"line":53,"column":114}},"28":{"start":{"line":53,"column":20},"end":{"line":53,"column":114}},"29":{"start":{"line":54,"column":26},"end":{"line":54,"column":45}},"30":{"start":{"line":55,"column":24},"end":{"line":55,"column":92}},"31":{"start":{"line":57,"column":36},"end":{"line":57,"column":38}},"32":{"start":{"line":58,"column":4},"end":{"line":62,"column":5}},"33":{"start":{"line":58,"column":17},"end":{"line":58,"column":18}},"34":{"start":{"line":59,"column":24},"end":{"line":59,"column":85}},"35":{"start":{"line":60,"column":6},"end":{"line":60,"column":158}},"36":{"start":{"line":60,"column":22},"end":{"line":60,"column":158}},"37":{"start":{"line":61,"column":6},"end":{"line":61,"column":46}},"38":{"start":{"line":63,"column":4},"end":{"line":63,"column":54}},"39":{"start":{"line":65,"column":4},"end":{"line":65,"column":127}},"40":{"start":{"line":68,"column":4},"end":{"line":68,"column":44}},"41":{"start":{"line":80,"column":31},"end":{"line":97,"column":1}},"42":{"start":{"line":81,"column":19},"end":{"line":81,"column":22}},"43":{"start":{"line":82,"column":24},"end":{"line":82,"column":26}},"44":{"start":{"line":84,"column":2},"end":{"line":96,"column":3}},"45":{"start":{"line":85,"column":4},"end":{"line":88,"column":5}},"46":{"start":{"line":85,"column":17},"end":{"line":85,"column":18}},"47":{"start":{"line":86,"column":24},"end":{"line":86,"column":68}},"48":{"start":{"line":87,"column":6},"end":{"line":87,"column":38}},"49":{"start":{"line":90,"column":4},"end":{"line":92,"column":5}},"50":{"start":{"line":91,"column":6},"end":{"line":91,"column":126}},"51":{"start":{"line":95,"column":4},"end":{"line":95,"column":44}},"52":{"start":{"line":107,"column":27},"end":{"line":132,"column":1}},"53":{"start":{"line":108,"column":22},"end":{"line":108,"column":25}},"54":{"start":{"line":109,"column":2},"end":{"line":109,"column":140}},"55":{"start":{"line":109,"column":16},"end":{"line":109,"column":140}},"56":{"start":{"line":111,"column":2},"end":{"line":131,"column":3}},"57":{"start":{"line":112,"column":23},"end":{"line":112,"column":81}},"58":{"start":{"line":113,"column":4},"end":{"line":113,"column":125}},"59":{"start":{"line":113,"column":21},"end":{"line":113,"column":125}},"60":{"start":{"line":115,"column":22},"end":{"line":115,"column":85}},"61":{"start":{"line":116,"column":28},"end":{"line":116,"column":47}},"62":{"start":{"line":118,"column":37},"end":{"line":118,"column":39}},"63":{"start":{"line":119,"column":4},"end":{"line":123,"column":5}},"64":{"start":{"line":119,"column":17},"end":{"line":119,"column":18}},"65":{"start":{"line":120,"column":26},"end":{"line":120,"column":83}},"66":{"start":{"line":121,"column":26},"end":{"line":121,"column":79}},"67":{"start":{"line":122,"column":6},"end":{"line":122,"column":86}},"68":{"start":{"line":125,"column":39},"end":{"line":125,"column":114}},"69":{"start":{"line":127,"column":4},"end":{"line":127,"column":150}},"70":{"start":{"line":130,"column":4},"end":{"line":130,"column":44}},"71":{"start":{"line":134,"column":0},"end":{"line":139,"column":2}}},"fnMap":{"0":{"name":"(anonymous_0)","decl":{"start":{"line":18,"column":28},"end":{"line":18,"column":29}},"loc":{"start":{"line":18,"column":48},"end":{"line":37,"column":1}},"line":18},"1":{"name":"(anonymous_1)","decl":{"start":{"line":47,"column":25},"end":{"line":47,"column":26}},"loc":{"start":{"line":47,"column":45},"end":{"line":70,"column":1}},"line":47},"2":{"name":"(anonymous_2)","decl":{"start":{"line":80,"column":31},"end":{"line":80,"column":32}},"loc":{"start":{"line":80,"column":51},"end":{"line":97,"column":1}},"line":80},"3":{"name":"(anonymous_3)","decl":{"start":{"line":107,"column":27},"end":{"line":107,"column":28}},"loc":{"start":{"line":107,"column":47},"end":{"line":132,"column":1}},"line":107}},"branchMap":{"0":{"loc":{"start":{"line":22,"column":2},"end":{"line":22,"column":140}},"type":"if","locations":[{"start":{"line":22,"column":2},"end":{"line":22,"column":140}},{"start":{},"end":{}}],"line":22},"1":{"loc":{"start":{"line":23,"column":2},"end":{"line":23,"column":132}},"type":"if","locations":[{"start":{"line":23,"column":2},"end":{"line":23,"column":132}},{"start":{},"end":{}}],"line":23},"2":{"loc":{"start":{"line":49,"column":2},"end":{"line":49,"column":105}},"type":"if","locations":[{"start":{"line":49,"column":2},"end":{"line":49,"column":105}},{"start":{},"end":{}}],"line":49},"3":{"loc":{"start":{"line":53,"column":4},"end":{"line":53,"column":114}},"type":"if","locations":[{"start":{"line":53,"column":4},"end":{"line":53,"column":114}},{"start":{},"end":{}}],"line":53},"4":{"loc":{"start":{"line":60,"column":6},"end":{"line":60,"column":158}},"type":"if","locations":[{"start":{"line":60,"column":6},"end":{"line":60,"column":158}},{"start":{},"end":{}}],"line":60},"5":{"loc":{"start":{"line":90,"column":4},"end":{"line":92,"column":5}},"type":"if","locations":[{"start":{"line":90,"column":4},"end":{"line":92,"column":5}},{"start":{},"end":{}}],"line":90},"6":{"loc":{"start":{"line":109,"column":2},"end":{"line":109,"column":140}},"type":"if","locations":[{"start":{"line":109,"column":2},"end":{"line":109,"column":140}},{"start":{},"end":{}}],"line":109},"7":{"loc":{"start":{"line":113,"column":4},"end":{"line":113,"column":125}},"type":"if","locations":[{"start":{"line":113,"column":4},"end":{"line":113,"column":125}},{"start":{},"end":{}}],"line":113}},"s":{"0":1,"1":1,"2":1,"3":1,"4":1,"5":1,"6":1,"7":1,"8":1,"9":0,"10":0,"11":0,"12":0,"13":0,"14":0,"15":0,"16":0,"17":0,"18":0,"19":0,"20":0,"21":1,"22":0,"23":0,"24":0,"25":0,"26":0,"27":0,"28":0,"29":0,"30":0,"31":0,"32":0,"33":0,"34":0,"35":0,"36":0,"37":0,"38":0,"39":0,"40":0,"41":1,"42":0,"43":0,"44":0,"45":0,"46":0,"47":0,"48":0,"49":0,"50":0,"51":0,"52":1,"53":0,"54":0,"55":0,"56":0,"57":0,"58":0,"59":0,"60":0,"61":0,"62":0,"63":0,"64":0,"65":0,"66":0,"67":0,"68":0,"69":0,"70":0,"71":1},"f":{"0":0,"1":0,"2":0,"3":0},"b":{"0":[0,0],"1":[0,0],"2":[0,0],"3":[0,0],"4":[0,0],"5":[0,0],"6":[0,0],"7":[0,0]},"_coverageSchema":"1a1c01bbd47fc00a2c39e90264f33305004495a9","hash":"5f7847ed57f111705c0fb8799c48cd4bdcc2d2d9"}
,"/Users/user/Documents/Personal_Projects/enterscale_survey/api/v1/routes/auth.js": {"path":"/Users/user/Documents/Personal_Projects/enterscale_survey/api/v1/routes/auth.js","statementMap":{"0":{"start":{"line":1,"column":19},"end":{"line":1,"column":37}},"1":{"start":{"line":2,"column":26},"end":{"line":2,"column":65}},"2":{"start":{"line":3,"column":23},"end":{"line":3,"column":53}},"3":{"start":{"line":5,"column":19},"end":{"line":5,"column":27}},"4":{"start":{"line":7,"column":0},"end":{"line":7,"column":66}},"5":{"start":{"line":9,"column":0},"end":{"line":9,"column":86}},"6":{"start":{"line":11,"column":0},"end":{"line":11,"column":83}},"7":{"start":{"line":13,"column":0},"end":{"line":13,"column":28}}},"fnMap":{},"branchMap":{},"s":{"0":1,"1":1,"2":1,"3":1,"4":1,"5":1,"6":1,"7":1},"f":{},"b":{},"_coverageSchema":"1a1c01bbd47fc00a2c39e90264f33305004495a9","hash":"59ca152aa101180c443484afb0be392e870d4fc9"}
,"/Users/user/Documents/Personal_Projects/enterscale_survey/api/v1/routes/index.js": {"path":"/Users/user/Documents/Personal_Projects/enterscale_survey/api/v1/routes/index.js","statementMap":{"0":{"start":{"line":1,"column":19},"end":{"line":1,"column":37}},"1":{"start":{"line":2,"column":19},"end":{"line":2,"column":36}},"2":{"start":{"line":3,"column":21},"end":{"line":3,"column":40}},"3":{"start":{"line":4,"column":23},"end":{"line":4,"column":44}},"4":{"start":{"line":6,"column":15},"end":{"line":6,"column":23}},"5":{"start":{"line":8,"column":0},"end":{"line":8,"column":32}},"6":{"start":{"line":9,"column":0},"end":{"line":9,"column":36}},"7":{"start":{"line":10,"column":0},"end":{"line":10,"column":40}},"8":{"start":{"line":12,"column":0},"end":{"line":12,"column":24}}},"fnMap":{},"branchMap":{},"s":{"0":1,"1":1,"2":1,"3":1,"4":1,"5":1,"6":1,"7":1,"8":1},"f":{},"b":{},"_coverageSchema":"1a1c01bbd47fc00a2c39e90264f33305004495a9","hash":"a98200a7305ec635651077f05cfffe5ac339f05a"}
,"/Users/user/Documents/Personal_Projects/enterscale_survey/api/v1/routes/question.js": {"path":"/Users/user/Documents/Personal_Projects/enterscale_survey/api/v1/routes/question.js","statementMap":{"0":{"start":{"line":1,"column":19},"end":{"line":1,"column":37}},"1":{"start":{"line":2,"column":26},"end":{"line":2,"column":65}},"2":{"start":{"line":3,"column":27},"end":{"line":3,"column":67}},"3":{"start":{"line":4,"column":27},"end":{"line":4,"column":61}},"4":{"start":{"line":6,"column":23},"end":{"line":6,"column":31}},"5":{"start":{"line":8,"column":0},"end":{"line":8,"column":165}},"6":{"start":{"line":10,"column":0},"end":{"line":10,"column":32}}},"fnMap":{},"branchMap":{},"s":{"0":1,"1":1,"2":1,"3":1,"4":1,"5":1,"6":1},"f":{},"b":{},"_coverageSchema":"1a1c01bbd47fc00a2c39e90264f33305004495a9","hash":"97fd7326ffa2b8d700af6de46a0413163b306f39"}
,"/Users/user/Documents/Personal_Projects/enterscale_survey/api/v1/routes/survey.js": {"path":"/Users/user/Documents/Personal_Projects/enterscale_survey/api/v1/routes/survey.js","statementMap":{"0":{"start":{"line":1,"column":19},"end":{"line":1,"column":37}},"1":{"start":{"line":2,"column":26},"end":{"line":2,"column":65}},"2":{"start":{"line":3,"column":25},"end":{"line":3,"column":63}},"3":{"start":{"line":4,"column":25},"end":{"line":4,"column":57}},"4":{"start":{"line":6,"column":21},"end":{"line":6,"column":29}},"5":{"start":{"line":8,"column":0},"end":{"line":8,"column":113}},"6":{"start":{"line":10,"column":0},"end":{"line":10,"column":73}},"7":{"start":{"line":12,"column":0},"end":{"line":12,"column":115}},"8":{"start":{"line":14,"column":0},"end":{"line":14,"column":111}},"9":{"start":{"line":16,"column":0},"end":{"line":16,"column":30}}},"fnMap":{},"branchMap":{},"s":{"0":1,"1":1,"2":1,"3":1,"4":1,"5":1,"6":1,"7":1,"8":1,"9":1},"f":{},"b":{},"_coverageSchema":"1a1c01bbd47fc00a2c39e90264f33305004495a9","hash":"15e50c6046ae6137e39a07d0ee7e103169591146"}
,"/Users/user/Documents/Personal_Projects/enterscale_survey/config/connection.js": {"path":"/Users/user/Documents/Personal_Projects/enterscale_survey/config/connection.js","statementMap":{"0":{"start":{"line":1,"column":0},"end":{"line":1,"column":27}},"1":{"start":{"line":2,"column":20},"end":{"line":2,"column":57}},"2":{"start":{"line":5,"column":0},"end":{"line":15,"column":1}},"3":{"start":{"line":8,"column":4},"end":{"line":8,"column":104}},"4":{"start":{"line":9,"column":4},"end":{"line":9,"column":10}},"5":{"start":{"line":11,"column":4},"end":{"line":11,"column":109}},"6":{"start":{"line":12,"column":4},"end":{"line":12,"column":10}},"7":{"start":{"line":14,"column":4},"end":{"line":14,"column":104}},"8":{"start":{"line":17,"column":0},"end":{"line":17,"column":34}}},"fnMap":{},"branchMap":{"0":{"loc":{"start":{"line":2,"column":20},"end":{"line":2,"column":57}},"type":"binary-expr","locations":[{"start":{"line":2,"column":20},"end":{"line":2,"column":40}},{"start":{"line":2,"column":44},"end":{"line":2,"column":57}}],"line":2},"1":{"loc":{"start":{"line":5,"column":0},"end":{"line":15,"column":1}},"type":"switch","locations":[{"start":{"line":6,"column":2},"end":{"line":9,"column":10}},{"start":{"line":10,"column":2},"end":{"line":12,"column":10}},{"start":{"line":13,"column":2},"end":{"line":14,"column":104}}],"line":5}},"s":{"0":1,"1":1,"2":1,"3":0,"4":0,"5":0,"6":0,"7":1,"8":1},"f":{},"b":{"0":[1,0],"1":[0,0,1]},"_coverageSchema":"1a1c01bbd47fc00a2c39e90264f33305004495a9","hash":"423070494e08a49bea7c4f630f164e1ad97abc51"}
,"/Users/user/Documents/Personal_Projects/enterscale_survey/config/database.js": {"path":"/Users/user/Documents/Personal_Projects/enterscale_survey/config/database.js","statementMap":{"0":{"start":{"line":1,"column":17},"end":{"line":1,"column":36}},"1":{"start":{"line":5,"column":4},"end":{"line":5,"column":45}},"2":{"start":{"line":9,"column":4},"end":{"line":20,"column":5}},"3":{"start":{"line":10,"column":6},"end":{"line":10,"column":41}},"4":{"start":{"line":11,"column":25},"end":{"line":14,"column":8}},"5":{"start":{"line":15,"column":6},"end":{"line":15,"column":60}},"6":{"start":{"line":16,"column":6},"end":{"line":16,"column":24}},"7":{"start":{"line":18,"column":6},"end":{"line":18,"column":62}},"8":{"start":{"line":19,"column":6},"end":{"line":19,"column":19}},"9":{"start":{"line":24,"column":0},"end":{"line":24,"column":26}}},"fnMap":{"0":{"name":"(anonymous_0)","decl":{"start":{"line":4,"column":2},"end":{"line":4,"column":3}},"loc":{"start":{"line":4,"column":32},"end":{"line":6,"column":3}},"line":4},"1":{"name":"(anonymous_1)","decl":{"start":{"line":8,"column":2},"end":{"line":8,"column":3}},"loc":{"start":{"line":8,"column":18},"end":{"line":21,"column":3}},"line":8}},"branchMap":{},"s":{"0":1,"1":1,"2":1,"3":1,"4":1,"5":1,"6":1,"7":0,"8":0,"9":1},"f":{"0":1,"1":1},"b":{},"_coverageSchema":"1a1c01bbd47fc00a2c39e90264f33305004495a9","hash":"50c075ed2bdb4a3ae7b06dc7aac284f27d2f199c"}
,"/Users/user/Documents/Personal_Projects/enterscale_survey/logger/winston-setup.js": {"path":"/Users/user/Documents/Personal_Projects/enterscale_survey/logger/winston-setup.js","statementMap":{"0":{"start":{"line":1,"column":0},"end":{"line":1,"column":27}},"1":{"start":{"line":2,"column":16},"end":{"line":2,"column":40}},"2":{"start":{"line":3,"column":16},"end":{"line":3,"column":34}},"3":{"start":{"line":5,"column":16},"end":{"line":34,"column":1}},"4":{"start":{"line":36,"column":15},"end":{"line":39,"column":2}},"5":{"start":{"line":41,"column":0},"end":{"line":45,"column":2}},"6":{"start":{"line":43,"column":4},"end":{"line":43,"column":25}},"7":{"start":{"line":47,"column":0},"end":{"line":47,"column":24}}},"fnMap":{"0":{"name":"(anonymous_0)","decl":{"start":{"line":42,"column":9},"end":{"line":42,"column":10}},"loc":{"start":{"line":42,"column":28},"end":{"line":44,"column":3}},"line":42}},"branchMap":{"0":{"loc":{"start":{"line":17,"column":11},"end":{"line":17,"column":68}},"type":"cond-expr","locations":[{"start":{"line":17,"column":52},"end":{"line":17,"column":59}},{"start":{"line":17,"column":62},"end":{"line":17,"column":68}}],"line":17}},"s":{"0":1,"1":1,"2":1,"3":1,"4":1,"5":1,"6":19,"7":1},"f":{"0":19},"b":{"0":[0,1]},"_coverageSchema":"1a1c01bbd47fc00a2c39e90264f33305004495a9","hash":"ee21e76810de24afe654bbd618b02973e665a1dd"}
,"/Users/user/Documents/Personal_Projects/enterscale_survey/middlewares/company.js": {"path":"/Users/user/Documents/Personal_Projects/enterscale_survey/middlewares/company.js","statementMap":{"0":{"start":{"line":1,"column":12},"end":{"line":1,"column":26}},"1":{"start":{"line":2,"column":17},"end":{"line":2,"column":45}},"2":{"start":{"line":3,"column":27},"end":{"line":3,"column":61}},"3":{"start":{"line":4,"column":15},"end":{"line":4,"column":41}},"4":{"start":{"line":5,"column":12},"end":{"line":5,"column":35}},"5":{"start":{"line":16,"column":25},"end":{"line":44,"column":1}},"6":{"start":{"line":17,"column":18},"end":{"line":17,"column":26}},"7":{"start":{"line":19,"column":2},"end":{"line":43,"column":3}},"8":{"start":{"line":20,"column":19},"end":{"line":31,"column":6}},"9":{"start":{"line":33,"column":29},"end":{"line":33,"column":53}},"10":{"start":{"line":35,"column":4},"end":{"line":37,"column":5}},"11":{"start":{"line":36,"column":6},"end":{"line":36,"column":76}},"12":{"start":{"line":39,"column":4},"end":{"line":39,"column":21}},"13":{"start":{"line":40,"column":4},"end":{"line":40,"column":18}},"14":{"start":{"line":42,"column":4},"end":{"line":42,"column":17}},"15":{"start":{"line":55,"column":24},"end":{"line":78,"column":1}},"16":{"start":{"line":56,"column":18},"end":{"line":56,"column":26}},"17":{"start":{"line":58,"column":2},"end":{"line":77,"column":3}},"18":{"start":{"line":59,"column":19},"end":{"line":65,"column":6}},"19":{"start":{"line":67,"column":29},"end":{"line":67,"column":53}},"20":{"start":{"line":69,"column":4},"end":{"line":71,"column":5}},"21":{"start":{"line":70,"column":6},"end":{"line":70,"column":76}},"22":{"start":{"line":73,"column":4},"end":{"line":73,"column":21}},"23":{"start":{"line":74,"column":4},"end":{"line":74,"column":18}},"24":{"start":{"line":76,"column":4},"end":{"line":76,"column":17}},"25":{"start":{"line":89,"column":28},"end":{"line":112,"column":1}},"26":{"start":{"line":90,"column":26},"end":{"line":90,"column":37}},"27":{"start":{"line":91,"column":21},"end":{"line":91,"column":29}},"28":{"start":{"line":93,"column":2},"end":{"line":95,"column":3}},"29":{"start":{"line":94,"column":4},"end":{"line":94,"column":43}},"30":{"start":{"line":98,"column":17},"end":{"line":98,"column":97}},"31":{"start":{"line":98,"column":89},"end":{"line":98,"column":96}},"32":{"start":{"line":101,"column":2},"end":{"line":103,"column":3}},"33":{"start":{"line":102,"column":4},"end":{"line":102,"column":124}},"34":{"start":{"line":105,"column":2},"end":{"line":111,"column":3}},"35":{"start":{"line":106,"column":4},"end":{"line":106,"column":25}},"36":{"start":{"line":107,"column":4},"end":{"line":107,"column":18}},"37":{"start":{"line":110,"column":4},"end":{"line":110,"column":44}},"38":{"start":{"line":114,"column":0},"end":{"line":118,"column":2}}},"fnMap":{"0":{"name":"(anonymous_0)","decl":{"start":{"line":16,"column":25},"end":{"line":16,"column":26}},"loc":{"start":{"line":16,"column":51},"end":{"line":44,"column":1}},"line":16},"1":{"name":"(anonymous_1)","decl":{"start":{"line":55,"column":24},"end":{"line":55,"column":25}},"loc":{"start":{"line":55,"column":50},"end":{"line":78,"column":1}},"line":55},"2":{"name":"(anonymous_2)","decl":{"start":{"line":89,"column":28},"end":{"line":89,"column":29}},"loc":{"start":{"line":89,"column":54},"end":{"line":112,"column":1}},"line":89},"3":{"name":"(anonymous_3)","decl":{"start":{"line":98,"column":71},"end":{"line":98,"column":72}},"loc":{"start":{"line":98,"column":89},"end":{"line":98,"column":96}},"line":98}},"branchMap":{"0":{"loc":{"start":{"line":35,"column":4},"end":{"line":37,"column":5}},"type":"if","locations":[{"start":{"line":35,"column":4},"end":{"line":37,"column":5}},{"start":{},"end":{}}],"line":35},"1":{"loc":{"start":{"line":69,"column":4},"end":{"line":71,"column":5}},"type":"if","locations":[{"start":{"line":69,"column":4},"end":{"line":71,"column":5}},{"start":{},"end":{}}],"line":69},"2":{"loc":{"start":{"line":93,"column":2},"end":{"line":95,"column":3}},"type":"if","locations":[{"start":{"line":93,"column":2},"end":{"line":95,"column":3}},{"start":{},"end":{}}],"line":93},"3":{"loc":{"start":{"line":101,"column":2},"end":{"line":103,"column":3}},"type":"if","locations":[{"start":{"line":101,"column":2},"end":{"line":103,"column":3}},{"start":{},"end":{}}],"line":101},"4":{"loc":{"start":{"line":101,"column":6},"end":{"line":101,"column":46}},"type":"binary-expr","locations":[{"start":{"line":101,"column":6},"end":{"line":101,"column":20}},{"start":{"line":101,"column":24},"end":{"line":101,"column":31}},{"start":{"line":101,"column":35},"end":{"line":101,"column":46}}],"line":101}},"s":{"0":1,"1":1,"2":1,"3":1,"4":1,"5":1,"6":11,"7":11,"8":11,"9":11,"10":11,"11":7,"12":4,"13":4,"14":0,"15":1,"16":5,"17":5,"18":5,"19":5,"20":5,"21":2,"22":3,"23":3,"24":0,"25":1,"26":0,"27":0,"28":0,"29":0,"30":0,"31":0,"32":0,"33":0,"34":0,"35":0,"36":0,"37":0,"38":1},"f":{"0":11,"1":5,"2":0,"3":0},"b":{"0":[7,4],"1":[2,3],"2":[0,0],"3":[0,0],"4":[0,0,0]},"_coverageSchema":"1a1c01bbd47fc00a2c39e90264f33305004495a9","hash":"038187385e77e0bdf0faab735dd4e911422482bd"}
,"/Users/user/Documents/Personal_Projects/enterscale_survey/middlewares/error.js": {"path":"/Users/user/Documents/Personal_Projects/enterscale_survey/middlewares/error.js","statementMap":{"0":{"start":{"line":1,"column":16},"end":{"line":1,"column":34}},"1":{"start":{"line":2,"column":21},"end":{"line":2,"column":54}},"2":{"start":{"line":4,"column":0},"end":{"line":9,"column":2}},"3":{"start":{"line":5,"column":2},"end":{"line":5,"column":37}},"4":{"start":{"line":6,"column":2},"end":{"line":6,"column":73}},"5":{"start":{"line":7,"column":2},"end":{"line":7,"column":110}},"6":{"start":{"line":8,"column":2},"end":{"line":8,"column":52}}},"fnMap":{"0":{"name":"(anonymous_0)","decl":{"start":{"line":4,"column":17},"end":{"line":4,"column":18}},"loc":{"start":{"line":4,"column":44},"end":{"line":9,"column":1}},"line":4}},"branchMap":{"0":{"loc":{"start":{"line":6,"column":21},"end":{"line":6,"column":72}},"type":"cond-expr","locations":[{"start":{"line":6,"column":62},"end":{"line":6,"column":67}},{"start":{"line":6,"column":70},"end":{"line":6,"column":72}}],"line":6},"1":{"loc":{"start":{"line":7,"column":19},"end":{"line":7,"column":38}},"type":"binary-expr","locations":[{"start":{"line":7,"column":19},"end":{"line":7,"column":31}},{"start":{"line":7,"column":35},"end":{"line":7,"column":38}}],"line":7}},"s":{"0":1,"1":1,"2":1,"3":0,"4":0,"5":0,"6":0},"f":{"0":0},"b":{"0":[0,0],"1":[0,0]},"_coverageSchema":"1a1c01bbd47fc00a2c39e90264f33305004495a9","hash":"c2e8de4f5909fdf499e860f8b3dc6faf23357df2"}
,"/Users/user/Documents/Personal_Projects/enterscale_survey/middlewares/question.js": {"path":"/Users/user/Documents/Personal_Projects/enterscale_survey/middlewares/question.js","statementMap":{"0":{"start":{"line":1,"column":12},"end":{"line":1,"column":26}},"1":{"start":{"line":12,"column":33},"end":{"line":32,"column":1}},"2":{"start":{"line":13,"column":16},"end":{"line":13,"column":24}},"3":{"start":{"line":15,"column":2},"end":{"line":31,"column":3}},"4":{"start":{"line":16,"column":19},"end":{"line":19,"column":6}},"5":{"start":{"line":21,"column":29},"end":{"line":21,"column":53}},"6":{"start":{"line":23,"column":4},"end":{"line":25,"column":5}},"7":{"start":{"line":24,"column":6},"end":{"line":24,"column":76}},"8":{"start":{"line":27,"column":4},"end":{"line":27,"column":21}},"9":{"start":{"line":28,"column":4},"end":{"line":28,"column":18}},"10":{"start":{"line":30,"column":4},"end":{"line":30,"column":17}},"11":{"start":{"line":34,"column":0},"end":{"line":34,"column":46}}},"fnMap":{"0":{"name":"(anonymous_0)","decl":{"start":{"line":12,"column":33},"end":{"line":12,"column":34}},"loc":{"start":{"line":12,"column":59},"end":{"line":32,"column":1}},"line":12}},"branchMap":{"0":{"loc":{"start":{"line":23,"column":4},"end":{"line":25,"column":5}},"type":"if","locations":[{"start":{"line":23,"column":4},"end":{"line":25,"column":5}},{"start":{},"end":{}}],"line":23}},"s":{"0":1,"1":1,"2":0,"3":0,"4":0,"5":0,"6":0,"7":0,"8":0,"9":0,"10":0,"11":1},"f":{"0":0},"b":{"0":[0,0]},"_coverageSchema":"1a1c01bbd47fc00a2c39e90264f33305004495a9","hash":"896c6ec7baf8d7f20b51c8638d4877d13c7f8932"}
,"/Users/user/Documents/Personal_Projects/enterscale_survey/middlewares/survey.js": {"path":"/Users/user/Documents/Personal_Projects/enterscale_survey/middlewares/survey.js","statementMap":{"0":{"start":{"line":1,"column":12},"end":{"line":1,"column":26}},"1":{"start":{"line":12,"column":33},"end":{"line":36,"column":1}},"2":{"start":{"line":13,"column":16},"end":{"line":13,"column":24}},"3":{"start":{"line":15,"column":2},"end":{"line":35,"column":3}},"4":{"start":{"line":16,"column":19},"end":{"line":23,"column":17}},"5":{"start":{"line":25,"column":29},"end":{"line":25,"column":53}},"6":{"start":{"line":27,"column":4},"end":{"line":29,"column":5}},"7":{"start":{"line":28,"column":6},"end":{"line":28,"column":76}},"8":{"start":{"line":31,"column":4},"end":{"line":31,"column":21}},"9":{"start":{"line":32,"column":4},"end":{"line":32,"column":18}},"10":{"start":{"line":34,"column":4},"end":{"line":34,"column":17}},"11":{"start":{"line":38,"column":0},"end":{"line":38,"column":46}}},"fnMap":{"0":{"name":"(anonymous_0)","decl":{"start":{"line":12,"column":33},"end":{"line":12,"column":34}},"loc":{"start":{"line":12,"column":59},"end":{"line":36,"column":1}},"line":12}},"branchMap":{"0":{"loc":{"start":{"line":27,"column":4},"end":{"line":29,"column":5}},"type":"if","locations":[{"start":{"line":27,"column":4},"end":{"line":29,"column":5}},{"start":{},"end":{}}],"line":27}},"s":{"0":1,"1":1,"2":0,"3":0,"4":0,"5":0,"6":0,"7":0,"8":0,"9":0,"10":0,"11":1},"f":{"0":0},"b":{"0":[0,0]},"_coverageSchema":"1a1c01bbd47fc00a2c39e90264f33305004495a9","hash":"4ac253ba398258b62c470d457f2692f0136c1182"}
,"/Users/user/Documents/Personal_Projects/enterscale_survey/models/answer.js": {"path":"/Users/user/Documents/Personal_Projects/enterscale_survey/models/answer.js","statementMap":{"0":{"start":{"line":1,"column":0},"end":{"line":1,"column":27}},"1":{"start":{"line":2,"column":17},"end":{"line":2,"column":36}},"2":{"start":{"line":4,"column":15},"end":{"line":4,"column":30}},"3":{"start":{"line":5,"column":21},"end":{"line":16,"column":1}},"4":{"start":{"line":19,"column":15},"end":{"line":19,"column":53}},"5":{"start":{"line":20,"column":0},"end":{"line":20,"column":24}}},"fnMap":{},"branchMap":{},"s":{"0":1,"1":1,"2":1,"3":1,"4":1,"5":1},"f":{},"b":{},"_coverageSchema":"1a1c01bbd47fc00a2c39e90264f33305004495a9","hash":"a0dea35456998a9f7878548007f16883b20a817e"}
,"/Users/user/Documents/Personal_Projects/enterscale_survey/models/company.js": {"path":"/Users/user/Documents/Personal_Projects/enterscale_survey/models/company.js","statementMap":{"0":{"start":{"line":1,"column":0},"end":{"line":1,"column":27}},"1":{"start":{"line":2,"column":17},"end":{"line":2,"column":36}},"2":{"start":{"line":3,"column":13},"end":{"line":3,"column":47}},"3":{"start":{"line":4,"column":12},"end":{"line":4,"column":35}},"4":{"start":{"line":5,"column":15},"end":{"line":5,"column":32}},"5":{"start":{"line":7,"column":15},"end":{"line":7,"column":30}},"6":{"start":{"line":9,"column":22},"end":{"line":40,"column":1}},"7":{"start":{"line":41,"column":0},"end":{"line":41,"column":22}},"8":{"start":{"line":44,"column":0},"end":{"line":52,"column":2}},"9":{"start":{"line":45,"column":2},"end":{"line":51,"column":4}},"10":{"start":{"line":55,"column":0},"end":{"line":63,"column":3}},"11":{"start":{"line":56,"column":2},"end":{"line":62,"column":3}},"12":{"start":{"line":57,"column":4},"end":{"line":57,"column":52}},"13":{"start":{"line":57,"column":38},"end":{"line":57,"column":52}},"14":{"start":{"line":59,"column":4},"end":{"line":59,"column":57}},"15":{"start":{"line":61,"column":4},"end":{"line":61,"column":21}},"16":{"start":{"line":66,"column":0},"end":{"line":68,"column":2}},"17":{"start":{"line":67,"column":2},"end":{"line":67,"column":59}},"18":{"start":{"line":71,"column":16},"end":{"line":71,"column":56}},"19":{"start":{"line":72,"column":0},"end":{"line":72,"column":25}}},"fnMap":{"0":{"name":"(anonymous_0)","decl":{"start":{"line":44,"column":45},"end":{"line":44,"column":46}},"loc":{"start":{"line":44,"column":57},"end":{"line":52,"column":1}},"line":44},"1":{"name":"save","decl":{"start":{"line":55,"column":41},"end":{"line":55,"column":45}},"loc":{"start":{"line":55,"column":52},"end":{"line":63,"column":1}},"line":55},"2":{"name":"(anonymous_2)","decl":{"start":{"line":66,"column":40},"end":{"line":66,"column":41}},"loc":{"start":{"line":66,"column":70},"end":{"line":68,"column":1}},"line":66}},"branchMap":{"0":{"loc":{"start":{"line":57,"column":4},"end":{"line":57,"column":52}},"type":"if","locations":[{"start":{"line":57,"column":4},"end":{"line":57,"column":52}},{"start":{},"end":{}}],"line":57}},"s":{"0":1,"1":1,"2":1,"3":1,"4":1,"5":1,"6":1,"7":1,"8":1,"9":1,"10":1,"11":1,"12":1,"13":0,"14":1,"15":0,"16":1,"17":2,"18":1,"19":1},"f":{"0":1,"1":1,"2":2},"b":{"0":[0,1]},"_coverageSchema":"1a1c01bbd47fc00a2c39e90264f33305004495a9","hash":"7f84c8babe377d773ea09ba7c0b6b75cf410917a"}
,"/Users/user/Documents/Personal_Projects/enterscale_survey/models/question.js": {"path":"/Users/user/Documents/Personal_Projects/enterscale_survey/models/question.js","statementMap":{"0":{"start":{"line":1,"column":0},"end":{"line":1,"column":27}},"1":{"start":{"line":2,"column":17},"end":{"line":2,"column":36}},"2":{"start":{"line":4,"column":15},"end":{"line":4,"column":30}},"3":{"start":{"line":5,"column":23},"end":{"line":17,"column":1}},"4":{"start":{"line":20,"column":17},"end":{"line":20,"column":59}},"5":{"start":{"line":21,"column":0},"end":{"line":21,"column":26}}},"fnMap":{},"branchMap":{},"s":{"0":1,"1":1,"2":1,"3":1,"4":1,"5":1},"f":{},"b":{},"_coverageSchema":"1a1c01bbd47fc00a2c39e90264f33305004495a9","hash":"795bf5e6db40ff9fdcae264e6f79f6461c4186f7"}
,"/Users/user/Documents/Personal_Projects/enterscale_survey/models/survey.js": {"path":"/Users/user/Documents/Personal_Projects/enterscale_survey/models/survey.js","statementMap":{"0":{"start":{"line":1,"column":0},"end":{"line":1,"column":27}},"1":{"start":{"line":2,"column":17},"end":{"line":2,"column":36}},"2":{"start":{"line":3,"column":13},"end":{"line":3,"column":47}},"3":{"start":{"line":5,"column":15},"end":{"line":5,"column":30}},"4":{"start":{"line":6,"column":21},"end":{"line":26,"column":1}},"5":{"start":{"line":28,"column":0},"end":{"line":28,"column":22}},"6":{"start":{"line":31,"column":15},"end":{"line":31,"column":53}},"7":{"start":{"line":32,"column":0},"end":{"line":32,"column":24}}},"fnMap":{},"branchMap":{},"s":{"0":1,"1":1,"2":1,"3":1,"4":1,"5":1,"6":1,"7":1},"f":{},"b":{},"_coverageSchema":"1a1c01bbd47fc00a2c39e90264f33305004495a9","hash":"6e2fc4c7ebc05841f59fb8c41d3037b184548318"}
,"/Users/user/Documents/Personal_Projects/enterscale_survey/models/token.js": {"path":"/Users/user/Documents/Personal_Projects/enterscale_survey/models/token.js","statementMap":{"0":{"start":{"line":1,"column":0},"end":{"line":1,"column":27}},"1":{"start":{"line":2,"column":17},"end":{"line":2,"column":36}},"2":{"start":{"line":4,"column":15},"end":{"line":4,"column":30}},"3":{"start":{"line":5,"column":20},"end":{"line":21,"column":1}},"4":{"start":{"line":24,"column":14},"end":{"line":24,"column":50}},"5":{"start":{"line":25,"column":0},"end":{"line":25,"column":23}}},"fnMap":{},"branchMap":{},"s":{"0":1,"1":1,"2":1,"3":1,"4":1,"5":1},"f":{},"b":{},"_coverageSchema":"1a1c01bbd47fc00a2c39e90264f33305004495a9","hash":"1a8a2825acfdd3663b6c6a9cb242340ef5ba19e2"}
,"/Users/user/Documents/Personal_Projects/enterscale_survey/repositories/answer.js": {"path":"/Users/user/Documents/Personal_Projects/enterscale_survey/repositories/answer.js","statementMap":{"0":{"start":{"line":1,"column":15},"end":{"line":1,"column":42}},"1":{"start":{"line":9,"column":21},"end":{"line":11,"column":1}},"2":{"start":{"line":10,"column":2},"end":{"line":10,"column":35}},"3":{"start":{"line":19,"column":19},"end":{"line":21,"column":1}},"4":{"start":{"line":20,"column":2},"end":{"line":20,"column":63}},"5":{"start":{"line":23,"column":0},"end":{"line":26,"column":2}}},"fnMap":{"0":{"name":"(anonymous_0)","decl":{"start":{"line":9,"column":21},"end":{"line":9,"column":22}},"loc":{"start":{"line":9,"column":37},"end":{"line":11,"column":1}},"line":9},"1":{"name":"(anonymous_1)","decl":{"start":{"line":19,"column":19},"end":{"line":19,"column":20}},"loc":{"start":{"line":19,"column":33},"end":{"line":21,"column":1}},"line":19}},"branchMap":{},"s":{"0":1,"1":1,"2":0,"3":1,"4":0,"5":1},"f":{"0":0,"1":0},"b":{},"_coverageSchema":"1a1c01bbd47fc00a2c39e90264f33305004495a9","hash":"aaa0ee7ad2f5cd88a2ebb3735cf216a4b109be45"}
,"/Users/user/Documents/Personal_Projects/enterscale_survey/repositories/company.js": {"path":"/Users/user/Documents/Personal_Projects/enterscale_survey/repositories/company.js","statementMap":{"0":{"start":{"line":1,"column":16},"end":{"line":1,"column":44}},"1":{"start":{"line":9,"column":20},"end":{"line":11,"column":1}},"2":{"start":{"line":10,"column":2},"end":{"line":10,"column":38}},"3":{"start":{"line":19,"column":22},"end":{"line":21,"column":1}},"4":{"start":{"line":20,"column":2},"end":{"line":20,"column":36}},"5":{"start":{"line":23,"column":0},"end":{"line":23,"column":48}}},"fnMap":{"0":{"name":"(anonymous_0)","decl":{"start":{"line":9,"column":20},"end":{"line":9,"column":21}},"loc":{"start":{"line":9,"column":37},"end":{"line":11,"column":1}},"line":9},"1":{"name":"(anonymous_1)","decl":{"start":{"line":19,"column":22},"end":{"line":19,"column":23}},"loc":{"start":{"line":19,"column":38},"end":{"line":21,"column":1}},"line":19}},"branchMap":{},"s":{"0":1,"1":1,"2":9,"3":1,"4":1,"5":1},"f":{"0":9,"1":1},"b":{},"_coverageSchema":"1a1c01bbd47fc00a2c39e90264f33305004495a9","hash":"e35bf0fbc3d6d0f23da390426ba27aaa8d8c215a"}
,"/Users/user/Documents/Personal_Projects/enterscale_survey/repositories/question.js": {"path":"/Users/user/Documents/Personal_Projects/enterscale_survey/repositories/question.js","statementMap":{"0":{"start":{"line":1,"column":17},"end":{"line":1,"column":46}},"1":{"start":{"line":2,"column":15},"end":{"line":2,"column":42}},"2":{"start":{"line":10,"column":23},"end":{"line":12,"column":1}},"3":{"start":{"line":11,"column":2},"end":{"line":11,"column":37}},"4":{"start":{"line":20,"column":21},"end":{"line":22,"column":1}},"5":{"start":{"line":21,"column":2},"end":{"line":21,"column":115}},"6":{"start":{"line":29,"column":21},"end":{"line":31,"column":1}},"7":{"start":{"line":30,"column":2},"end":{"line":30,"column":62}},"8":{"start":{"line":33,"column":0},"end":{"line":37,"column":2}}},"fnMap":{"0":{"name":"(anonymous_0)","decl":{"start":{"line":10,"column":23},"end":{"line":10,"column":24}},"loc":{"start":{"line":10,"column":39},"end":{"line":12,"column":1}},"line":10},"1":{"name":"(anonymous_1)","decl":{"start":{"line":20,"column":21},"end":{"line":20,"column":22}},"loc":{"start":{"line":20,"column":53},"end":{"line":22,"column":1}},"line":20},"2":{"name":"(anonymous_2)","decl":{"start":{"line":29,"column":21},"end":{"line":29,"column":22}},"loc":{"start":{"line":29,"column":35},"end":{"line":31,"column":1}},"line":29}},"branchMap":{},"s":{"0":1,"1":1,"2":1,"3":0,"4":1,"5":0,"6":1,"7":0,"8":1},"f":{"0":0,"1":0,"2":0},"b":{},"_coverageSchema":"1a1c01bbd47fc00a2c39e90264f33305004495a9","hash":"ed5d03ce3e9092eee9366eaef7176a97a5e63793"}
,"/Users/user/Documents/Personal_Projects/enterscale_survey/repositories/survey.js": {"path":"/Users/user/Documents/Personal_Projects/enterscale_survey/repositories/survey.js","statementMap":{"0":{"start":{"line":1,"column":15},"end":{"line":1,"column":42}},"1":{"start":{"line":9,"column":21},"end":{"line":11,"column":1}},"2":{"start":{"line":10,"column":2},"end":{"line":10,"column":35}},"3":{"start":{"line":19,"column":23},"end":{"line":21,"column":1}},"4":{"start":{"line":20,"column":2},"end":{"line":20,"column":37}},"5":{"start":{"line":23,"column":0},"end":{"line":26,"column":2}}},"fnMap":{"0":{"name":"(anonymous_0)","decl":{"start":{"line":9,"column":21},"end":{"line":9,"column":22}},"loc":{"start":{"line":9,"column":37},"end":{"line":11,"column":1}},"line":9},"1":{"name":"(anonymous_1)","decl":{"start":{"line":19,"column":23},"end":{"line":19,"column":24}},"loc":{"start":{"line":19,"column":40},"end":{"line":21,"column":1}},"line":19}},"branchMap":{},"s":{"0":1,"1":1,"2":0,"3":1,"4":0,"5":1},"f":{"0":0,"1":0},"b":{},"_coverageSchema":"1a1c01bbd47fc00a2c39e90264f33305004495a9","hash":"0b7e1ec75e9466ba9575128f329a38279093aa7c"}
,"/Users/user/Documents/Personal_Projects/enterscale_survey/repositories/token.js": {"path":"/Users/user/Documents/Personal_Projects/enterscale_survey/repositories/token.js","statementMap":{"0":{"start":{"line":1,"column":14},"end":{"line":1,"column":40}},"1":{"start":{"line":9,"column":23},"end":{"line":11,"column":1}},"2":{"start":{"line":10,"column":2},"end":{"line":10,"column":34}},"3":{"start":{"line":19,"column":24},"end":{"line":21,"column":1}},"4":{"start":{"line":20,"column":2},"end":{"line":20,"column":36}},"5":{"start":{"line":28,"column":23},"end":{"line":30,"column":1}},"6":{"start":{"line":29,"column":2},"end":{"line":29,"column":37}},"7":{"start":{"line":32,"column":0},"end":{"line":32,"column":69}}},"fnMap":{"0":{"name":"(anonymous_0)","decl":{"start":{"line":9,"column":23},"end":{"line":9,"column":24}},"loc":{"start":{"line":9,"column":39},"end":{"line":11,"column":1}},"line":9},"1":{"name":"(anonymous_1)","decl":{"start":{"line":19,"column":24},"end":{"line":19,"column":25}},"loc":{"start":{"line":19,"column":41},"end":{"line":21,"column":1}},"line":19},"2":{"name":"(anonymous_2)","decl":{"start":{"line":28,"column":23},"end":{"line":28,"column":24}},"loc":{"start":{"line":28,"column":39},"end":{"line":30,"column":1}},"line":28}},"branchMap":{},"s":{"0":1,"1":1,"2":1,"3":1,"4":3,"5":1,"6":2,"7":1},"f":{"0":1,"1":3,"2":2},"b":{},"_coverageSchema":"1a1c01bbd47fc00a2c39e90264f33305004495a9","hash":"77b6dea34776c7b90ef54bde94cc677d600ee7a8"}
,"/Users/user/Documents/Personal_Projects/enterscale_survey/services/rabbitmq/connection.js": {"path":"/Users/user/Documents/Personal_Projects/enterscale_survey/services/rabbitmq/connection.js","statementMap":{"0":{"start":{"line":1,"column":0},"end":{"line":1,"column":27}},"1":{"start":{"line":2,"column":17},"end":{"line":2,"column":46}},"2":{"start":{"line":3,"column":17},"end":{"line":3,"column":46}},"3":{"start":{"line":4,"column":13},"end":{"line":4,"column":38}},"4":{"start":{"line":5,"column":13},"end":{"line":5,"column":38}},"5":{"start":{"line":6,"column":14},"end":{"line":6,"column":40}},"6":{"start":{"line":8,"column":25},"end":{"line":8,"column":74}},"7":{"start":{"line":9,"column":0},"end":{"line":9,"column":34}}},"fnMap":{},"branchMap":{},"s":{"0":1,"1":1,"2":1,"3":1,"4":1,"5":1,"6":1,"7":1},"f":{},"b":{},"_coverageSchema":"1a1c01bbd47fc00a2c39e90264f33305004495a9","hash":"42a15362f18c5f50af2fee1f45bb392bf4e7f8f6"}
,"/Users/user/Documents/Personal_Projects/enterscale_survey/services/rabbitmq/service.js": {"path":"/Users/user/Documents/Personal_Projects/enterscale_survey/services/rabbitmq/service.js","statementMap":{"0":{"start":{"line":1,"column":13},"end":{"line":1,"column":44}},"1":{"start":{"line":2,"column":25},"end":{"line":2,"column":48}},"2":{"start":{"line":4,"column":9},"end":{"line":4,"column":13}},"3":{"start":{"line":5,"column":0},"end":{"line":9,"column":3}},"4":{"start":{"line":6,"column":2},"end":{"line":8,"column":5}},"5":{"start":{"line":7,"column":4},"end":{"line":7,"column":17}},"6":{"start":{"line":12,"column":23},"end":{"line":16,"column":1}},"7":{"start":{"line":13,"column":2},"end":{"line":13,"column":34}},"8":{"start":{"line":14,"column":2},"end":{"line":14,"column":36}},"9":{"start":{"line":15,"column":2},"end":{"line":15,"column":92}},"10":{"start":{"line":19,"column":25},"end":{"line":22,"column":1}},"11":{"start":{"line":20,"column":2},"end":{"line":20,"column":59}},"12":{"start":{"line":21,"column":2},"end":{"line":21,"column":73}},"13":{"start":{"line":24,"column":0},"end":{"line":27,"column":3}},"14":{"start":{"line":25,"column":2},"end":{"line":25,"column":13}},"15":{"start":{"line":26,"column":2},"end":{"line":26,"column":42}},"16":{"start":{"line":29,"column":0},"end":{"line":32,"column":2}}},"fnMap":{"0":{"name":"(anonymous_0)","decl":{"start":{"line":5,"column":31},"end":{"line":5,"column":32}},"loc":{"start":{"line":5,"column":52},"end":{"line":9,"column":1}},"line":5},"1":{"name":"(anonymous_1)","decl":{"start":{"line":6,"column":21},"end":{"line":6,"column":22}},"loc":{"start":{"line":6,"column":45},"end":{"line":8,"column":3}},"line":6},"2":{"name":"(anonymous_2)","decl":{"start":{"line":12,"column":23},"end":{"line":12,"column":24}},"loc":{"start":{"line":12,"column":50},"end":{"line":16,"column":1}},"line":12},"3":{"name":"(anonymous_3)","decl":{"start":{"line":19,"column":25},"end":{"line":19,"column":26}},"loc":{"start":{"line":19,"column":52},"end":{"line":22,"column":1}},"line":19},"4":{"name":"(anonymous_4)","decl":{"start":{"line":24,"column":19},"end":{"line":24,"column":20}},"loc":{"start":{"line":24,"column":25},"end":{"line":27,"column":1}},"line":24}},"branchMap":{},"s":{"0":1,"1":1,"2":1,"3":1,"4":1,"5":1,"6":1,"7":0,"8":0,"9":0,"10":1,"11":0,"12":0,"13":1,"14":0,"15":0,"16":1},"f":{"0":1,"1":1,"2":0,"3":0,"4":0},"b":{},"_coverageSchema":"1a1c01bbd47fc00a2c39e90264f33305004495a9","hash":"d4ee15267b9ce1a0e9bcb1cb0ae614ad2c81db10"}
,"/Users/user/Documents/Personal_Projects/enterscale_survey/utils/error-handler.js": {"path":"/Users/user/Documents/Personal_Projects/enterscale_survey/utils/error-handler.js","statementMap":{"0":{"start":{"line":1,"column":0},"end":{"line":1,"column":27}},"1":{"start":{"line":2,"column":17},"end":{"line":2,"column":38}},"2":{"start":{"line":13,"column":16},"end":{"line":13,"column":73}},"3":{"start":{"line":14,"column":4},"end":{"line":14,"column":92}},"4":{"start":{"line":18,"column":0},"end":{"line":18,"column":30}}},"fnMap":{"0":{"name":"(anonymous_0)","decl":{"start":{"line":12,"column":2},"end":{"line":12,"column":3}},"loc":{"start":{"line":12,"column":31},"end":{"line":15,"column":3}},"line":12}},"branchMap":{"0":{"loc":{"start":{"line":13,"column":16},"end":{"line":13,"column":73}},"type":"cond-expr","locations":[{"start":{"line":13,"column":57},"end":{"line":13,"column":66}},{"start":{"line":13,"column":69},"end":{"line":13,"column":73}}],"line":13}},"s":{"0":1,"1":1,"2":0,"3":0,"4":1},"f":{"0":0},"b":{"0":[0,0]},"_coverageSchema":"1a1c01bbd47fc00a2c39e90264f33305004495a9","hash":"df03d85656b9b04f217c6a7a0e9242ad4731d872"}
,"/Users/user/Documents/Personal_Projects/enterscale_survey/utils/helper.js": {"path":"/Users/user/Documents/Personal_Projects/enterscale_survey/utils/helper.js","statementMap":{"0":{"start":{"line":1,"column":17},"end":{"line":1,"column":37}},"1":{"start":{"line":3,"column":23},"end":{"line":6,"column":1}},"2":{"start":{"line":4,"column":21},"end":{"line":4,"column":113}},"3":{"start":{"line":5,"column":2},"end":{"line":5,"column":20}},"4":{"start":{"line":8,"column":0},"end":{"line":10,"column":2}}},"fnMap":{"0":{"name":"(anonymous_0)","decl":{"start":{"line":3,"column":23},"end":{"line":3,"column":24}},"loc":{"start":{"line":3,"column":33},"end":{"line":6,"column":1}},"line":3}},"branchMap":{},"s":{"0":1,"1":1,"2":1,"3":1,"4":1},"f":{"0":1},"b":{},"_coverageSchema":"1a1c01bbd47fc00a2c39e90264f33305004495a9","hash":"4d568d9a93465609546a49d63633e2fee2b98900"}
,"/Users/user/Documents/Personal_Projects/enterscale_survey/utils/response.js": {"path":"/Users/user/Documents/Personal_Projects/enterscale_survey/utils/response.js","statementMap":{"0":{"start":{"line":1,"column":15},"end":{"line":1,"column":41}},"1":{"start":{"line":10,"column":4},"end":{"line":10,"column":58}},"2":{"start":{"line":19,"column":4},"end":{"line":19,"column":58}},"3":{"start":{"line":28,"column":4},"end":{"line":28,"column":72}},"4":{"start":{"line":32,"column":0},"end":{"line":32,"column":26}}},"fnMap":{"0":{"name":"(anonymous_0)","decl":{"start":{"line":9,"column":2},"end":{"line":9,"column":3}},"loc":{"start":{"line":9,"column":99},"end":{"line":11,"column":3}},"line":9},"1":{"name":"(anonymous_1)","decl":{"start":{"line":18,"column":2},"end":{"line":18,"column":3}},"loc":{"start":{"line":18,"column":102},"end":{"line":20,"column":3}},"line":18},"2":{"name":"(anonymous_2)","decl":{"start":{"line":27,"column":2},"end":{"line":27,"column":3}},"loc":{"start":{"line":27,"column":136},"end":{"line":29,"column":3}},"line":27}},"branchMap":{"0":{"loc":{"start":{"line":9,"column":28},"end":{"line":9,"column":50}},"type":"default-arg","locations":[{"start":{"line":9,"column":41},"end":{"line":9,"column":50}}],"line":9},"1":{"loc":{"start":{"line":9,"column":52},"end":{"line":9,"column":84}},"type":"default-arg","locations":[{"start":{"line":9,"column":62},"end":{"line":9,"column":84}}],"line":9},"2":{"loc":{"start":{"line":9,"column":86},"end":{"line":9,"column":95}},"type":"default-arg","locations":[{"start":{"line":9,"column":93},"end":{"line":9,"column":95}}],"line":9},"3":{"loc":{"start":{"line":18,"column":26},"end":{"line":18,"column":57}},"type":"default-arg","locations":[{"start":{"line":18,"column":39},"end":{"line":18,"column":57}}],"line":18},"4":{"loc":{"start":{"line":18,"column":59},"end":{"line":18,"column":87}},"type":"default-arg","locations":[{"start":{"line":18,"column":69},"end":{"line":18,"column":87}}],"line":18},"5":{"loc":{"start":{"line":18,"column":89},"end":{"line":18,"column":98}},"type":"default-arg","locations":[{"start":{"line":18,"column":96},"end":{"line":18,"column":98}}],"line":18},"6":{"loc":{"start":{"line":27,"column":31},"end":{"line":27,"column":72}},"type":"default-arg","locations":[{"start":{"line":27,"column":44},"end":{"line":27,"column":72}}],"line":27},"7":{"loc":{"start":{"line":27,"column":74},"end":{"line":27,"column":107}},"type":"default-arg","locations":[{"start":{"line":27,"column":84},"end":{"line":27,"column":107}}],"line":27},"8":{"loc":{"start":{"line":27,"column":109},"end":{"line":27,"column":118}},"type":"default-arg","locations":[{"start":{"line":27,"column":116},"end":{"line":27,"column":118}}],"line":27}},"s":{"0":1,"1":3,"2":16,"3":0,"4":1},"f":{"0":3,"1":16,"2":0},"b":{"0":[0],"1":[0],"2":[0],"3":[9],"4":[0],"5":[16],"6":[0],"7":[0],"8":[0]},"_coverageSchema":"1a1c01bbd47fc00a2c39e90264f33305004495a9","hash":"0712c786760eccb7032cc45cc2c72ceb6f09f524"}
,"/Users/user/Documents/Personal_Projects/enterscale_survey/utils/send_email.js": {"path":"/Users/user/Documents/Personal_Projects/enterscale_survey/utils/send_email.js","statementMap":{"0":{"start":{"line":1,"column":19},"end":{"line":1,"column":40}},"1":{"start":{"line":3,"column":18},"end":{"line":21,"column":1}},"2":{"start":{"line":4,"column":22},"end":{"line":11,"column":4}},"3":{"start":{"line":13,"column":18},"end":{"line":18,"column":3}},"4":{"start":{"line":20,"column":2},"end":{"line":20,"column":38}},"5":{"start":{"line":23,"column":0},"end":{"line":23,"column":27}}},"fnMap":{"0":{"name":"(anonymous_0)","decl":{"start":{"line":3,"column":18},"end":{"line":3,"column":19}},"loc":{"start":{"line":3,"column":37},"end":{"line":21,"column":1}},"line":3}},"branchMap":{},"s":{"0":1,"1":1,"2":1,"3":1,"4":1,"5":1},"f":{"0":1},"b":{},"_coverageSchema":"1a1c01bbd47fc00a2c39e90264f33305004495a9","hash":"c640191a080262f0c27ac17bf0b20ec6ec8340dc"}
}
